Arguments: 
  D:\Applications\NVS\default\node.exe D:\Applications\Scoop\apps\yarn\current\Yarn\bin\yarn.js dev

PATH: 
  C:\Program Files\Docker\Docker\Resources\bin;C:\Windows\system32;C:\Windows;C:\Windows\System32\Wbem;C:\Windows\System32\WindowsPowerShell\v1.0\;C:\Program Files\Microsoft SQL Server\130\Tools\Binn\;C:\Program Files (x86)\NVIDIA Corporation\PhysX\Common;C:\WINDOWS\system32;C:\WINDOWS;C:\WINDOWS\System32\Wbem;C:\WINDOWS\System32\WindowsPowerShell\v1.0\;C:\Program Files (x86)\Google\Cloud SDK\google-cloud-sdk\bin;C:\Program Files\Heroku\bin;C:\Program Files\Git\cmd;C:\Program Files\Git\mingw64\bin;C:\Program Files\Git\usr\bin;C:\Program Files (x86)\Gpg4win\..\GnuPG\bin;D:\Applications\aircrack-ng-1.2-rc4-win\bin\64bit;D:\Applications\Scoop\apps\yarn\current\Yarn\bin;D:\Applications\Scoop\apps\yarn\current\bin;D:\Applications\Scoop\apps\python27\current\scripts;D:\Applications\Scoop\apps\oraclejdk\current\bin;D:\Applications\Scoop\apps\imagemagick\current;D:\Applications\Scoop\apps\gpg4win\current\Gpg4win\bin;D:\Applications\Scoop\apps\gpg4win\current\GnuPG\bin;D:\Applications\NVS;D:\Applications\NVS\default;D:\Applications\Scoop\shims

Yarn version: 
  1.5.1

Node version: 
  8.11.0

Platform: 
  win32 x64

npm manifest: 
  {
    "name": "apek",
    "version": "1.0.0",
    "description": "Asosiasi Pengusaha Engineering Karawang",
    "author": "Eko Eryanto",
    "repository": {
      "type": "git",
      "url": "https://github.com/ekoeryanto/apek.git"
    },
    "scripts": {
      "dev": "nuxt",
      "build": "nuxt build",
      "start": "nuxt start",
      "generate": "nuxt generate",
      "lint": "eslint --ext .js,.vue --ignore-path .gitignore .",
      "precommit": "lint-staged"
    },
    "lint-staged": {
      "*.{js,vue}": [
        "prettier --ignore-path .gitignore --parser vue --single-quote --trailing-comma es5 --write",
        "eslint --ignore-path .gitignore --fix",
        "git add"
      ],
      "*.{png,jpeg,jpg,gif,svg}": [
        "imagemin-lint-staged",
        "git add"
      ]
    },
    "dependencies": {
      "@nuxtjs/markdownit": "^1.2.0",
      "@nuxtjs/pwa": "^2.0.8",
      "nuxt": "^1.0.0",
      "vue-material-design-icons": "^1.2.1",
      "vue-recaptcha": "^1.1.0",
      "vue-typer": "^1.2.0",
      "vuetify": "^1.0.0"
    },
    "devDependencies": {
      "babel-eslint": "^8.2.1",
      "babel-plugin-transform-imports": "^1.5.0",
      "cross-env": "^5.0.1",
      "eslint": "^4.15.0",
      "eslint-loader": "^1.7.1",
      "eslint-plugin-vue": "^4.0.0",
      "husky": "^0.14.3",
      "imagemin-lint-staged": "^0.3.0",
      "lint-staged": "^7.0.0",
      "prettier": "^1.11.1",
      "stylus": "^0.54.5",
      "stylus-loader": "^3.0.1"
    }
  }

yarn manifest: 
  No manifest

Lockfile: 
  No lockfile

Trace: 
  Error: Command failed.
  Exit code: 1
  Command: C:\WINDOWS\system32\cmd.exe
  Arguments: /d /s /c nuxt
  Directory: D:\Development\apek
  Output:
  
      at ProcessTermError.MessageError (D:\Applications\Scoop\apps\yarn\1.5.1\Yarn\lib\cli.js:186:110)
      at new ProcessTermError (D:\Applications\Scoop\apps\yarn\1.5.1\Yarn\lib\cli.js:226:113)
      at ChildProcess.<anonymous> (D:\Applications\Scoop\apps\yarn\1.5.1\Yarn\lib\cli.js:30281:17)
      at emitTwo (events.js:126:13)
      at ChildProcess.emit (events.js:214:7)
      at maybeClose (internal/child_process.js:925:16)
      at Process.ChildProcess._handle.onexit (internal/child_process.js:209:5)
